Using pre-set license
Built from '2020.3/staging' branch; Version is '2020.3.19f1 (68f137dc9bbe) revision 6877495'; Using compiler version '192528614'; Build Type 'Release'
OS: 'Windows 10 Pro; OS build 19043.1237; Version 2009; 64bit' Language: 'es' Physical Memory: 16342 MB
BatchMode: 1, IsHumanControllingUs: 0, StartBugReporterOnCrash: 0, Is64bit: 1, IsPro: 0

COMMAND LINE ARGUMENTS:
C:\Program Files\Unity\Hub\Editor\2020.3.19f1\Editor\Unity.exe
-adb2
-batchMode
-noUpm
-name
AssetImportWorker0
-projectPath
D:/Nicolau Guardiola/nicolau_guardiola_tema1/Mi primer proyecto
-logFile
Logs/AssetImportWorker0.log
-srvPort
64568
Successfully changed project path to: D:/Nicolau Guardiola/nicolau_guardiola_tema1/Mi primer proyecto
D:/Nicolau Guardiola/nicolau_guardiola_tema1/Mi primer proyecto
Using Asset Import Pipeline V2.
Refreshing native plugins compatible for Editor in 29.61 ms, found 2 plugins.
Preloading 0 native plugins for Editor in 0.00 ms.
Initialize engine version: 2020.3.19f1 (68f137dc9bbe)
[Subsystems] Discovering subsystems at path C:/Program Files/Unity/Hub/Editor/2020.3.19f1/Editor/Data/Resources/UnitySubsystems
[Subsystems] Discovering subsystems at path D:/Nicolau Guardiola/nicolau_guardiola_tema1/Mi primer proyecto/Assets
GfxDevice: creating device client; threaded=0
Direct3D:
    Version:  Direct3D 11.0 [level 11.1]
    Renderer: NVIDIA GeForce GTX 1050 Ti (ID=0x1c82)
    Vendor:   
    VRAM:     4018 MB
    Driver:   27.21.14.5671
Initialize mono
Mono path[0] = 'C:/Program Files/Unity/Hub/Editor/2020.3.19f1/Editor/Data/Managed'
Mono path[1] = 'C:/Program Files/Unity/Hub/Editor/2020.3.19f1/Editor/Data/MonoBleedingEdge/lib/mono/unityjit'
Mono config path = 'C:/Program Files/Unity/Hub/Editor/2020.3.19f1/Editor/Data/MonoBleedingEdge/etc'
Using monoOptions --debugger-agent=transport=dt_socket,embedding=1,server=y,suspend=n,address=127.0.0.1:56016
Begin MonoManager ReloadAssembly
Registering precompiled unity dll's ...
Register platform support module: C:/Program Files/Unity/Hub/Editor/2020.3.19f1/Editor/Data/PlaybackEngines/WindowsStandaloneSupport/UnityEditor.WindowsStandalone.Extensions.dll
Registered in 0.001931 seconds.
Native extension for WindowsStandalone target not found
Refreshing native plugins compatible for Editor in 31.53 ms, found 2 plugins.
Preloading 0 native plugins for Editor in 0.00 ms.
Mono: successfully reloaded assembly
- Completed reload, in  1.115 seconds
Domain Reload Profiling:
	ReloadAssembly (1115ms)
		BeginReloadAssembly (59ms)
			ExecutionOrderSort (0ms)
			DisableScriptedObjects (0ms)
			BackupInstance (0ms)
			ReleaseScriptingObjects (0ms)
			CreateAndSetChildDomain (1ms)
		EndReloadAssembly (448ms)
			LoadAssemblies (57ms)
			RebuildTransferFunctionScriptingTraits (0ms)
			SetupTypeCache (165ms)
			ReleaseScriptCaches (0ms)
			RebuildScriptCaches (35ms)
			SetupLoadedEditorAssemblies (168ms)
				LogAssemblyErrors (0ms)
				InitializePlatformSupportModulesInManaged (4ms)
				SetLoadedEditorAssemblies (0ms)
				RefreshPlugins (32ms)
				BeforeProcessingInitializeOnLoad (9ms)
				ProcessInitializeOnLoadAttributes (91ms)
				ProcessInitializeOnLoadMethodAttributes (31ms)
				AfterProcessingInitializeOnLoad (0ms)
				EditorAssembliesLoaded (0ms)
			ExecutionOrderSort2 (0ms)
			AwakeInstancesAfterBackupRestoration (0ms)
Platform modules already initialized, skipping
Registering precompiled user dll's ...
Registered in 0.002476 seconds.
Begin MonoManager ReloadAssembly
Native extension for WindowsStandalone target not found
Refreshing native plugins compatible for Editor in 0.29 ms, found 2 plugins.
Preloading 0 native plugins for Editor in 0.00 ms.
Mono: successfully reloaded assembly
- Completed reload, in  1.057 seconds
Domain Reload Profiling:
	ReloadAssembly (1058ms)
		BeginReloadAssembly (161ms)
			ExecutionOrderSort (0ms)
			DisableScriptedObjects (5ms)
			BackupInstance (0ms)
			ReleaseScriptingObjects (0ms)
			CreateAndSetChildDomain (19ms)
		EndReloadAssembly (828ms)
			LoadAssemblies (91ms)
			RebuildTransferFunctionScriptingTraits (0ms)
			SetupTypeCache (279ms)
			ReleaseScriptCaches (0ms)
			RebuildScriptCaches (41ms)
			SetupLoadedEditorAssemblies (318ms)
				LogAssemblyErrors (0ms)
				InitializePlatformSupportModulesInManaged (5ms)
				SetLoadedEditorAssemblies (0ms)
				RefreshPlugins (0ms)
				BeforeProcessingInitializeOnLoad (52ms)
				ProcessInitializeOnLoadAttributes (246ms)
				ProcessInitializeOnLoadMethodAttributes (5ms)
				AfterProcessingInitializeOnLoad (8ms)
				EditorAssembliesLoaded (0ms)
			ExecutionOrderSort2 (0ms)
			AwakeInstancesAfterBackupRestoration (7ms)
Platform modules already initialized, skipping
========================================================================
Worker process is ready to serve import requests
Launched and connected shader compiler UnityShaderCompiler.exe after 0.05 seconds
Refreshing native plugins compatible for Editor in 0.28 ms, found 2 plugins.
Preloading 0 native plugins for Editor in 0.00 ms.
Unloading 1397 Unused Serialized files (Serialized files now loaded: 0)
System memory in use before: 64.8 MB.
System memory in use after: 64.9 MB.

Unloading 16 unused Assets to reduce memory usage. Loaded Objects now: 1832.
Total: 3.409300 ms (FindLiveObjects: 0.131800 ms CreateObjectMapping: 0.042700 ms MarkObjects: 3.127100 ms  DeleteObjects: 0.106300 ms)

AssetImportParameters requested are different than current active one (requested -> active):
  custom:framework-win-MediaFoundation: 216162199b28c13a410421893ffa2e32 -> 
  custom:video-decoder-ogg-theora: a1e56fd34408186e4bbccfd4996cb3dc -> 
  custom:container-muxer-webm: aa71ff27fc2769a1b78a27578f13a17b -> 
  custom:container-demuxer-webm: 4f35f7cbe854078d1ac9338744f61a02 -> 
  custom:container-demuxer-ogg: 62fdf1f143b41e24485cea50d1cbac27 -> 
  custom:video-encoder-webm-vp8: eb34c28f22e8b96e1ab97ce403110664 -> 
  custom:video-decoder-webm-vp8: 9c59270c3fd7afecdb556c50c9e8de78 -> 
  custom:audio-decoder-ogg-vorbis: bf7c407c2cedff20999df2af8eb42d56 -> 
  custom:audio-encoder-webm-vorbis: bf7c407c2cedff20999df2af8eb42d56 -> 
========================================================================
Received Import Request.
  path: Assets
  artifactKey: Guid(00000000000000001000000000000000) Importer(815301076,1909f56bfc062723c751e8b465ee728b)
Start importing Assets using Guid(00000000000000001000000000000000) Importer(815301076,1909f56bfc062723c751e8b465ee728b)  -> (artifact id: '42d402b061de3733987d63b9cc3b64de') in 0.003651 seconds 
  Import took 0.005901 seconds .

========================================================================
Received Import Request.
  Time since last request: 3.497275 seconds.
  path: Assets/Materials
  artifactKey: Guid(676ac973af8cdfe458db0b02591c3925) Importer(815301076,1909f56bfc062723c751e8b465ee728b)
Start importing Assets/Materials using Guid(676ac973af8cdfe458db0b02591c3925) Importer(815301076,1909f56bfc062723c751e8b465ee728b)  -> (artifact id: '153fe350c11e99e95bcee0d6a075049a') in 0.002745 seconds 
  Import took 0.005604 seconds .

========================================================================
Received Import Request.
  Time since last request: 57.901084 seconds.
  path: Assets/Materials/blue_mat.mat
  artifactKey: Guid(c696f9a89aa930247a76ddd79c5ef7a8) Importer(815301076,1909f56bfc062723c751e8b465ee728b)
Start importing Assets/Materials/blue_mat.mat using Guid(c696f9a89aa930247a76ddd79c5ef7a8) Importer(815301076,1909f56bfc062723c751e8b465ee728b)  -> (artifact id: 'bbf538a789add5f1ff298f94f6da6a28') in 0.100601 seconds 
  Import took 0.103309 seconds .

========================================================================
Received Import Request.
  Time since last request: 403.997064 seconds.
  path: Assets/textures
  artifactKey: Guid(345721687af547443a097bba5a0e6cd0) Importer(815301076,1909f56bfc062723c751e8b465ee728b)
Start importing Assets/textures using Guid(345721687af547443a097bba5a0e6cd0) Importer(815301076,1909f56bfc062723c751e8b465ee728b)  -> (artifact id: '7915648d5f28539c93bfd28cee1e8dd3') in 0.002641 seconds 
  Import took 0.006084 seconds .

========================================================================
Received Import Request.
  Time since last request: 7.529653 seconds.
  path: Assets/Scenes
  artifactKey: Guid(5d02483f3db7c734b8cd1dad289e0fe6) Importer(815301076,1909f56bfc062723c751e8b465ee728b)
Start importing Assets/Scenes using Guid(5d02483f3db7c734b8cd1dad289e0fe6) Importer(815301076,1909f56bfc062723c751e8b465ee728b)  -> (artifact id: 'a60d0f69aa5a32513f4863e649f3e8c3') in 0.001802 seconds 
  Import took 0.004915 seconds .

========================================================================
Received Import Request.
  Time since last request: 3.709699 seconds.
  path: Assets/textures/circuit.jpg
  artifactKey: Guid(3aeb5e9c14ee7364bb4e2c317c3b9be5) Importer(815301076,1909f56bfc062723c751e8b465ee728b)
Start importing Assets/textures/circuit.jpg using Guid(3aeb5e9c14ee7364bb4e2c317c3b9be5) Importer(815301076,1909f56bfc062723c751e8b465ee728b)  -> (artifact id: 'cec2f99d61e97a197bb8fc90de7b8331') in 0.038625 seconds 
  Import took 0.041762 seconds .

========================================================================
Received Import Request.
  Time since last request: 39.523680 seconds.
  path: Assets/Materials/wheels.mat
  artifactKey: Guid(5399591d373b6c546b1998629f292e0b) Importer(815301076,1909f56bfc062723c751e8b465ee728b)
Start importing Assets/Materials/wheels.mat using Guid(5399591d373b6c546b1998629f292e0b) Importer(815301076,1909f56bfc062723c751e8b465ee728b)  -> (artifact id: 'f12e3730f6149d17fc428decb4c805a0') in 0.009676 seconds 
  Import took 0.012222 seconds .

========================================================================
Received Import Request.
  Time since last request: 71.266282 seconds.
  path: Assets/Materials/red_mat.mat
  artifactKey: Guid(b6c888ed98a980048b993fb04b5cd224) Importer(815301076,1909f56bfc062723c751e8b465ee728b)
Start importing Assets/Materials/red_mat.mat using Guid(b6c888ed98a980048b993fb04b5cd224) Importer(815301076,1909f56bfc062723c751e8b465ee728b)  -> (artifact id: 'e955009b42f37ec466e70c5de2f112c3') in 0.007652 seconds 
  Import took 0.010274 seconds .

========================================================================
Received Import Request.
  Time since last request: 161.343761 seconds.
  path: Assets/Materials/gray_mat.mat
  artifactKey: Guid(b6c888ed98a980048b993fb04b5cd224) Importer(815301076,1909f56bfc062723c751e8b465ee728b)
Start importing Assets/Materials/gray_mat.mat using Guid(b6c888ed98a980048b993fb04b5cd224) Importer(815301076,1909f56bfc062723c751e8b465ee728b)  -> (artifact id: '883a4e8a649997f4064ab8435edca956') in 0.018127 seconds 
  Import took 0.020825 seconds .

========================================================================
Received Import Request.
  Time since last request: 41.797746 seconds.
  path: Assets/Materials/wheels_mat.mat
  artifactKey: Guid(5399591d373b6c546b1998629f292e0b) Importer(815301076,1909f56bfc062723c751e8b465ee728b)
Start importing Assets/Materials/wheels_mat.mat using Guid(5399591d373b6c546b1998629f292e0b) Importer(815301076,1909f56bfc062723c751e8b465ee728b)  -> (artifact id: '2986bf4851bbfe5e1184cd2e0107766c') in 0.007697 seconds 
  Import took 0.010401 seconds .

========================================================================
Received Import Request.
  Time since last request: 309.959933 seconds.
  path: Assets/textures/line 1.jpg
  artifactKey: Guid(2689c4e92d2905c4f9092c70b01f5413) Importer(815301076,1909f56bfc062723c751e8b465ee728b)
Start importing Assets/textures/line 1.jpg using Guid(2689c4e92d2905c4f9092c70b01f5413) Importer(815301076,1909f56bfc062723c751e8b465ee728b)  -> (artifact id: 'db7ffbb0dc3fa48a4ec3c47c12d12f0d') in 0.009212 seconds 
  Import took 0.012963 seconds .

========================================================================
Received Import Request.
  Time since last request: 0.000216 seconds.
  path: Assets/textures/line.jpg
  artifactKey: Guid(45e289b067c03d5419a2e51cc884d47a) Importer(815301076,1909f56bfc062723c751e8b465ee728b)
Start importing Assets/textures/line.jpg using Guid(45e289b067c03d5419a2e51cc884d47a) Importer(815301076,1909f56bfc062723c751e8b465ee728b)  -> (artifact id: 'd490dae6db6cbd86565114c975ddbb24') in 0.004998 seconds 
  Import took 0.007065 seconds .

AssetImportWorkerClient::OnTransportError - code=2 error=End of file
